2020/01/12 00:36:1578782187
2020/01/12 00:37:1578782253
2020/01/12 00:37:1578782267

2020/01/12 00:39:1578782351
/home/AI/1272b465-3aac-4de2-a4c5-72cf3c75f926.jpg:
  POSITIVE:
    sheep : 26.942545175552368 : [1113, 403, 1160, 503]
    bird : 24.581825733184814 : [795, 395, 902, 479]
    dog : 20.046430826187134 : [1113, 399, 1160, 503]
    sheep : 38.06929588317871 : [795, 395, 902, 479]
    cow : 30.816325545310974 : [1113, 401, 1159, 503]
    dog : 20.347246527671814 : [852, 423, 972, 622]
    sheep : 88.23016881942749 : [851, 420, 974, 617]
  NEGATIVE:
    dog : 39.143696427345276 : [851, 427, 974, 625]
2020/01/12 00:40:1578782426

2020/01/12 00:41:1578782469
/home/AI/1272b465-3aac-4de2-a4c5-72cf3c75f926.jpg:
  POSITIVE:
    dog : 20.55964171886444 : [900, 423, 967, 601]
    cat : 20.08541226387024 : [853, 422, 969, 626]
    dog : 80.78354597091675 : [823, 412, 972, 635]
  NEGATIVE:
    dog : 52.033305168151855 : [853, 420, 968, 621]
2020/01/12 00:42:1578782541

2020/01/12 00:51:1578783104
/home/AI/Sun, 12 Jan 2020 00:51:22 +0200JQS.JPG:
  POSITIVE:
    sheep : 31.320786476135254 : [555, 556, 739, 724]
    sheep : 21.428900957107544 : [617, 551, 809, 711]
2020/01/12 00:53:1578783184

2020/01/12 01:00:1578783611
/home/AI/Sat, 11 Jan 2020 15:00:02 -0800 (PST)yfn.JPG:
2020/01/12 01:01:1578783685

2020/01/12 01:04:1578783889
/home/AI/Sat, 11 Jan 2020 15:04:37 -0800 (PST)Mnx.JPG:
  POSITIVE:
    person : 21.63202464580536 : [106, 799, 424, 925]
2020/01/12 01:05:1578783958

2020/01/12 01:10:1578784221
/home/AI/Sat, 11 Jan 2020 15:10:09 -0800 (PST)Sfa.JPG:
2020/01/12 01:11:1578784290

2020/01/12 01:52:1578786741
/home/AI/Sat, 11 Jan 2020 15:52:07 -0800 (PST)LqS.JPG:
2020/01/12 01:53:1578786811

2020/01/12 02:03:1578787418
/home/AI/Sat, 11 Jan 2020 16:03:27 -0800 (PST)bUH.JPG:
  POSITIVE:
    cow : 31.788736581802368 : [164, 563, 316, 866]
    dog : 36.50386929512024 : [165, 566, 315, 864]
    sheep : 47.64400124549866 : [165, 566, 314, 864]
    sheep : 20.660239458084106 : [393, 463, 767, 772]
    sheep : 80.6897521018982 : [568, 494, 865, 760]
    sheep : 65.01647233963013 : [316, 502, 622, 796]
2020/01/12 02:04:1578787488

2020/01/12 02:15:1578788100
/home/AI/Sat, 11 Jan 2020 16:14:50 -0800 (PST)BPY.JPG:
  POSITIVE:
    dog : 26.85399055480957 : [76, 550, 330, 830]
    sheep : 59.29163694381714 : [35, 550, 335, 852]
    sheep : 36.79623007774353 : [431, 557, 912, 912]
    bear : 25.255677103996277 : [551, 516, 1238, 935]
    cow : 31.813305616378784 : [551, 509, 1267, 929]
    sheep : 88.23935389518738 : [282, 596, 671, 909]
    sheep : 35.15889346599579 : [503, 508, 1283, 914]
    dog : 39.29525017738342 : [550, 509, 1287, 911]
2020/01/12 02:16:1578788168

2020/01/12 02:16:1578788202
/home/AI/Sat, 11 Jan 2020 16:16:31 -0800 (PST)TXB.JPG:
2020/01/12 02:17:1578788271

2020/01/12 02:18:1578788307
/home/AI/Sat, 11 Jan 2020 16:18:14 -0800 (PST)JHd.JPG:
2020/01/12 02:19:1578788374

2020/01/12 02:26:1578788774
/home/AI/Sat, 11 Jan 2020 16:26:07 -0800 (PST)NtK.JPG:
  POSITIVE:
    sheep : 46.28511071205139 : [816, 469, 1063, 723]
    bear : 20.620882511138916 : [814, 467, 1061, 721]
    dog : 46.23190760612488 : [2, 546, 278, 885]
    dog : 34.38926041126251 : [818, 472, 1061, 719]
    elephant : 22.360759973526 : [1, 544, 276, 886]
    elephant : 24.062001705169678 : [1076, 620, 1277, 925]
    person : 23.611053824424744 : [628, 651, 928, 924]
    horse : 24.3971586227417 : [1074, 618, 1275, 923]
    sheep : 61.60029172897339 : [274, 522, 912, 915]
    bear : 41.35223627090454 : [6, 547, 278, 886]
    bear : 20.547839999198914 : [250, 527, 752, 906]
    cow : 28.062987327575684 : [269, 516, 901, 920]
    dog : 33.65712761878967 : [261, 517, 867, 915]
    person : 21.209073066711426 : [362, 533, 908, 917]
    cow : 30.028820037841797 : [1065, 625, 1276, 922]
  NEGATIVE:
    elephant : 21.28255069255829 : [262, 531, 932, 916]
2020/01/12 02:28:1578788904
/home/AI/Sat, 11 Jan 2020 16:28:17 -0800 (PST)Deb.JPG:
  POSITIVE:
    dog : 20.698443055152893 : [68, 532, 227, 685]
    horse : 22.56617248058319 : [50, 496, 334, 693]
    cow : 43.52676570415497 : [53, 505, 328, 692]
    dog : 39.304667711257935 : [57, 505, 327, 692]
2020/01/12 02:29:1578788970

2020/01/12 02:37:1578789458
/home/AI/Sat, 11 Jan 2020 16:37:26 -0800 (PST)RXg.JPG:
  POSITIVE:
    dog : 21.911051869392395 : [217, 523, 621, 915]
    sheep : 26.305189728736877 : [587, 496, 1206, 910]
    sheep : 38.36140334606171 : [275, 545, 907, 923]
    dog : 36.71705722808838 : [232, 487, 955, 925]
    elephant : 27.947387099266052 : [625, 462, 1276, 911]
    bear : 30.053699016571045 : [630, 461, 1276, 912]
  NEGATIVE:
    dog : 20.019254088401794 : [244, 538, 675, 906]
    bear : 21.63175642490387 : [269, 532, 790, 912]
2020/01/12 02:38:1578789528

2020/01/12 02:40:1578789608
/home/AI/Sat, 11 Jan 2020 16:39:57 -0800 (PST)RvM.JPG:
2020/01/12 02:41:1578789677

2020/01/12 02:49:1578790142
/home/AI/Sat, 11 Jan 2020 16:48:51 -0800 (PST)iEJ.JPG:
  POSITIVE:
    person : 22.742047905921936 : [235, 553, 417, 651]
    cow : 20.038387179374695 : [-2, 583, 230, 861]
    person : 33.67338180541992 : [166, 605, 372, 918]
    sheep : 36.17340326309204 : [0, 578, 231, 877]
    dog : 23.06985855102539 : [0, 578, 232, 901]
    dog : 25.565099716186523 : [165, 615, 374, 926]
    dog : 24.873942136764526 : [574, 505, 910, 817]
    sheep : 31.19717240333557 : [357, 515, 854, 872]
    sheep : 42.22673177719116 : [585, 523, 978, 872]
    dog : 21.592232584953308 : [74, 591, 324, 914]
    dog : 23.16330075263977 : [210, 565, 650, 916]
    sheep : 92.47560501098633 : [712, 577, 1112, 904]
    sheep : 36.998605728149414 : [154, 608, 364, 925]
    sheep : 67.26007461547852 : [214, 569, 652, 921]
  NEGATIVE:
    elephant : 21.322044730186462 : [146, 532, 1134, 907]
2020/01/12 02:51:1578790289
/home/AI/Sat, 11 Jan 2020 16:51:19 -0800 (PST)pyX.JPG:
  POSITIVE:
    sheep : 25.170952081680298 : [946, 643, 1129, 855]
    cow : 22.122561931610107 : [944, 643, 1133, 857]
2020/01/12 02:52:1578790358

2020/01/12 03:00:1578790831
/home/AI/Sat, 11 Jan 2020 17:00:22 -0800 (PST)OBP.JPG:
2020/01/12 03:01:1578790901

2020/01/12 03:02:1578790975
/home/AI/Sat, 11 Jan 2020 17:00:22 -0800 (PST)OBP.JPG:
/home/AI/Sat, 11 Jan 2020 17:02:41 -0800 (PST)Nsh.JPG:
  POSITIVE:
    cow : 38.536155223846436 : [640, 633, 998, 841]
    elephant : 23.064032196998596 : [641, 631, 1001, 845]
    dog : 27.52901017665863 : [635, 633, 1005, 844]
2020/01/12 03:04:1578791096

2020/01/12 03:05:1578791111
/home/AI/Sat, 11 Jan 2020 17:00:22 -0800 (PST)OBP.JPG:
2020/01/12 03:06:1578791179

2020/01/12 03:08:1578791290
/home/AI/Sat, 11 Jan 2020 17:00:22 -0800 (PST)OBP.JPG:
2020/01/12 03:09:1578791361

2020/01/12 03:11:1578791517
/home/AI/Sat, 11 Jan 2020 17:11:43 -0800 (PST)PGU.JPG:
/home/AI/Sat, 11 Jan 2020 17:00:22 -0800 (PST)OBP.JPG:
2020/01/12 03:13:1578791638

2020/01/12 03:14:1578791654
2020/01/12 03:14:1578791654
/home/AI/Sat, 11 Jan 2020 17:13:58 -0800 (PST)czz.JPG:
/home/AI/Sat, 11 Jan 2020 17:13:58 -0800 (PST)czz.JPG:
2020/01/12 03:16:1578791801
/home/AI/Sat, 11 Jan 2020 17:00:22 -0800 (PST)OBP.JPG:
2020/01/12 03:17:1578791870

2020/01/12 03:20:1578792011
/home/AI/Sat, 11 Jan 2020 17:00:22 -0800 (PST)OBP.JPG:
2020/01/12 03:21:1578792080

2020/01/12 03:24:1578792252
/home/AI/Sat, 11 Jan 2020 17:00:22 -0800 (PST)OBP.JPG:
2020/01/12 03:25:1578792322

2020/01/12 03:28:1578792491
/home/AI/Sat, 11 Jan 2020 17:00:22 -0800 (PST)OBP.JPG:
2020/01/12 03:29:1578792559

2020/01/12 03:32:1578792729
/home/AI/Sat, 11 Jan 2020 17:00:22 -0800 (PST)OBP.JPG:
2020/01/12 03:33:1578792796

2020/01/12 03:36:1578792971
/home/AI/Sat, 11 Jan 2020 17:00:22 -0800 (PST)OBP.JPG:
2020/01/12 03:37:1578793039

2020/01/12 03:38:1578793090
/home/AI/Sat, 11 Jan 2020 17:37:58 -0800 (PST)ALI.JPG:
  POSITIVE:
    sheep : 78.56718897819519 : [758, 415, 922, 573]
/home/AI/Sat, 11 Jan 2020 17:00:22 -0800 (PST)OBP.JPG:
2020/01/12 03:40:1578793210

2020/01/12 03:40:1578793227
/home/AI/Sat, 11 Jan 2020 17:00:22 -0800 (PST)OBP.JPG:
2020/01/12 03:41:1578793294

2020/01/12 03:44:1578793449
/home/AI/Sat, 11 Jan 2020 17:00:22 -0800 (PST)OBP.JPG:
2020/01/12 03:45:1578793516

2020/01/12 03:48:1578793689
/home/AI/Sat, 11 Jan 2020 17:00:22 -0800 (PST)OBP.JPG:
2020/01/12 03:49:1578793756

2020/01/12 03:50:1578793801
/home/AI/Sat, 11 Jan 2020 17:49:48 -0800 (PST)bEZ.JPG:
/home/AI/Sat, 11 Jan 2020 17:00:22 -0800 (PST)OBP.JPG:
2020/01/12 03:51:1578793919

2020/01/12 03:52:1578793936
2020/01/12 03:52:1578793936
/home/AI/Sat, 11 Jan 2020 17:51:11 -0800 (PST)tIr.JPG:
/home/AI/Sat, 11 Jan 2020 17:51:11 -0800 (PST)tIr.JPG:
  POSITIVE:
    sheep : 75.90097188949585 : [868, 532, 1128, 747]
    dog : 22.510355710983276 : [868, 536, 1134, 743]
  POSITIVE:
    sheep : 75.90097188949585 : [868, 532, 1128, 747]
    dog : 22.510355710983276 : [868, 536, 1134, 743]
  NEGATIVE:
    horse : 80.21140098571777 : [868, 536, 1127, 731]
2020/01/12 03:56:1578794171
/home/AI/Sat, 11 Jan 2020 17:00:22 -0800 (PST)OBP.JPG:
2020/01/12 03:57:1578794239

2020/01/12 04:00:1578794407
/home/AI/Sat, 11 Jan 2020 17:00:22 -0800 (PST)OBP.JPG:
2020/01/12 04:01:1578794475

2020/01/12 04:04:1578794648
/home/AI/Sat, 11 Jan 2020 17:00:22 -0800 (PST)OBP.JPG:
2020/01/12 04:05:1578794717

2020/01/12 04:08:1578794890
/home/AI/Sat, 11 Jan 2020 17:00:22 -0800 (PST)OBP.JPG:
2020/01/12 04:09:1578794959

2020/01/12 04:12:1578795129
/home/AI/Sat, 11 Jan 2020 17:00:22 -0800 (PST)OBP.JPG:
2020/01/12 04:13:1578795198

2020/01/12 04:16:1578795369
/home/AI/Sat, 11 Jan 2020 17:00:22 -0800 (PST)OBP.JPG:
2020/01/12 04:17:1578795439

2020/01/12 04:17:1578795457
2020/01/12 04:17:1578795457
/home/AI/Sat, 11 Jan 2020 17:00:22 -0800 (PST)OBP.JPG:
/home/AI/Sat, 11 Jan 2020 17:00:22 -0800 (PST)OBP.JPG:
2020/01/12 04:19:1578795572
/home/AI/Sat, 11 Jan 2020 17:00:22 -0800 (PST)OBP.JPG:
2020/01/12 04:20:1578795644

2020/01/12 04:20:1578795659
2020/01/12 04:20:1578795659
/home/AI/Sat, 11 Jan 2020 17:00:22 -0800 (PST)OBP.JPG:
/home/AI/Sat, 11 Jan 2020 17:00:22 -0800 (PST)OBP.JPG:
2020/01/12 04:23:1578795810

2020/01/12 04:24:1578795850
/home/AI/Sat, 11 Jan 2020 17:00:22 -0800 (PST)OBP.JPG:
2020/01/12 04:25:1578795920

2020/01/12 04:26:1578795989
/home/AI/Sat, 11 Jan 2020 18:26:16 -0800 (PST)rYb.JPG:
  NEGATIVE:
    person : 21.32946252822876 : [399, 577, 418, 596]
/home/AI/Sat, 11 Jan 2020 17:00:22 -0800 (PST)OBP.JPG:
2020/01/12 04:28:1578796110

2020/01/12 04:28:1578796132
2020/01/12 04:28:1578796132
/home/AI/Sat, 11 Jan 2020 17:00:22 -0800 (PST)OBP.JPG:
/home/AI/Sat, 11 Jan 2020 17:00:22 -0800 (PST)OBP.JPG:
2020/01/12 04:31:1578796283

2020/01/12 04:32:1578796328
/home/AI/Sat, 11 Jan 2020 17:00:22 -0800 (PST)OBP.JPG:
2020/01/12 04:33:1578796395

2020/01/12 04:36:1578796570
/home/AI/Sat, 11 Jan 2020 17:00:22 -0800 (PST)OBP.JPG:
2020/01/12 04:37:1578796643

2020/01/12 04:40:1578796810
/home/AI/Sat, 11 Jan 2020 17:00:22 -0800 (PST)OBP.JPG:
2020/01/12 04:41:1578796880

2020/01/12 04:44:1578797049
/home/AI/Sat, 11 Jan 2020 17:00:22 -0800 (PST)OBP.JPG:
2020/01/12 04:45:1578797116

2020/01/12 04:47:1578797279
/home/AI/Sat, 11 Jan 2020 18:47:48 -0800 (PST)kYn.JPG:
/home/AI/Sat, 11 Jan 2020 17:00:22 -0800 (PST)OBP.JPG:
2020/01/12 04:50:1578797402

2020/01/12 04:50:1578797420
2020/01/12 04:50:1578797420
/home/AI/Sat, 11 Jan 2020 17:00:22 -0800 (PST)OBP.JPG:
/home/AI/Sat, 11 Jan 2020 17:00:22 -0800 (PST)OBP.JPG:
2020/01/12 04:52:1578797543

2020/01/12 04:52:1578797563
/home/AI/Sat, 11 Jan 2020 17:00:22 -0800 (PST)OBP.JPG:
2020/01/12 04:53:1578797632

2020/01/12 04:56:1578797771
/home/AI/Sat, 11 Jan 2020 17:00:22 -0800 (PST)OBP.JPG:
2020/01/12 04:57:1578797841

2020/01/12 05:00:1578798007
/home/AI/Sat, 11 Jan 2020 17:00:22 -0800 (PST)OBP.JPG:
2020/01/12 05:01:1578798073

2020/01/12 05:04:1578798251
/home/AI/Sat, 11 Jan 2020 17:00:22 -0800 (PST)OBP.JPG:
2020/01/12 05:05:1578798318

2020/01/12 05:08:1578798490
/home/AI/Sat, 11 Jan 2020 17:00:22 -0800 (PST)OBP.JPG:
2020/01/12 05:09:1578798557

2020/01/12 05:12:1578798728
/home/AI/Sat, 11 Jan 2020 17:00:22 -0800 (PST)OBP.JPG:
2020/01/12 05:13:1578798797

2020/01/12 05:16:1578798969
/home/AI/Sat, 11 Jan 2020 17:00:22 -0800 (PST)OBP.JPG:
2020/01/12 05:17:1578799037

2020/01/12 05:20:1578799210
/home/AI/Sat, 11 Jan 2020 17:00:22 -0800 (PST)OBP.JPG:
2020/01/12 05:21:1578799279

2020/01/12 05:24:1578799447
/home/AI/Sat, 11 Jan 2020 17:00:22 -0800 (PST)OBP.JPG:
2020/01/12 05:25:1578799516

2020/01/12 05:25:1578799533
/home/AI/Sat, 11 Jan 2020 17:00:22 -0800 (PST)OBP.JPG:
2020/01/12 05:26:1578799599

2020/01/12 05:28:1578799690
/home/AI/Sat, 11 Jan 2020 17:00:22 -0800 (PST)OBP.JPG:
2020/01/12 05:29:1578799757

2020/01/12 05:32:1578799928
/home/AI/Sat, 11 Jan 2020 17:00:22 -0800 (PST)OBP.JPG:
2020/01/12 05:33:1578799997

2020/01/12 05:36:1578800169
/home/AI/Sat, 11 Jan 2020 17:00:22 -0800 (PST)OBP.JPG:
2020/01/12 05:37:1578800238

2020/01/12 05:37:1578800256
/home/AI/Sat, 11 Jan 2020 17:00:22 -0800 (PST)OBP.JPG:
2020/01/12 05:38:1578800325

2020/01/12 05:40:1578800410
/home/AI/Sat, 11 Jan 2020 17:00:22 -0800 (PST)OBP.JPG:
2020/01/12 05:41:1578800479

2020/01/12 05:44:1578800649
/home/AI/Sat, 11 Jan 2020 17:00:22 -0800 (PST)OBP.JPG:
2020/01/12 05:45:1578800720

2020/01/12 05:47:1578800859
/home/AI/Sat, 11 Jan 2020 19:47:26 -0800 (PST)gkU.JPG:
  POSITIVE:
    dog : 31.962835788726807 : [117, 555, 360, 792]
    cat : 26.275727152824402 : [124, 544, 372, 837]
    dog : 51.289546489715576 : [84, 619, 349, 904]
    sheep : 42.56790280342102 : [111, 561, 366, 865]
    sheep : 51.52544379234314 : [68, 652, 342, 914]
    cow : 23.840636014938354 : [97, 575, 367, 899]
    cow : 27.88921594619751 : [44, 677, 327, 935]
/home/AI/Sat, 11 Jan 2020 17:00:22 -0800 (PST)OBP.JPG:
2020/01/12 05:49:1578800979

2020/01/12 05:49:1578800996
/home/AI/Sat, 11 Jan 2020 17:00:22 -0800 (PST)OBP.JPG:
2020/01/12 05:51:1578801064

2020/01/12 05:52:1578801129
/home/AI/Sat, 11 Jan 2020 17:00:22 -0800 (PST)OBP.JPG:
2020/01/12 05:53:1578801196

2020/01/12 05:56:1578801369
/home/AI/Sat, 11 Jan 2020 17:00:22 -0800 (PST)OBP.JPG:
2020/01/12 05:57:1578801438

2020/01/12 05:59:1578801551
/home/AI/Sat, 11 Jan 2020 17:00:22 -0800 (PST)OBP.JPG:
2020/01/12 06:00:1578801620

2020/01/12 06:00:1578801638
2020/01/12 06:00:1578801638
/home/AI/Sat, 11 Jan 2020 17:00:22 -0800 (PST)OBP.JPG:
/home/AI/Sat, 11 Jan 2020 17:00:22 -0800 (PST)OBP.JPG:
2020/01/12 06:03:1578801788

2020/01/12 06:03:1578801789

2020/01/12 06:04:1578801850
/home/AI/Sat, 11 Jan 2020 17:00:22 -0800 (PST)OBP.JPG:
2020/01/12 06:05:1578801917

2020/01/12 06:06:1578801991
/home/AI/Sat, 11 Jan 2020 17:00:22 -0800 (PST)OBP.JPG:
2020/01/12 06:07:1578802060

2020/01/12 06:08:1578802090
/home/AI/Sat, 11 Jan 2020 17:00:22 -0800 (PST)OBP.JPG:
2020/01/12 06:09:1578802160

2020/01/12 06:10:1578802218
/home/AI/Sat, 11 Jan 2020 20:10:05 -0800 (PST)AhU.JPG:
  POSITIVE:
    sheep : 91.47809743881226 : [768, 520, 1073, 757]
    dog : 50.6542444229126 : [762, 521, 1078, 755]
  NEGATIVE:
    sheep : 40.869373083114624 : [771, 531, 1079, 755]
/home/AI/Sat, 11 Jan 2020 17:00:22 -0800 (PST)OBP.JPG:
2020/01/12 06:12:1578802337

2020/01/12 06:12:1578802355
/home/AI/Sat, 11 Jan 2020 17:00:22 -0800 (PST)OBP.JPG:
2020/01/12 06:13:1578802424

2020/01/12 06:16:1578802571
/home/AI/Sat, 11 Jan 2020 17:00:22 -0800 (PST)OBP.JPG:
2020/01/12 06:17:1578802639

2020/01/12 06:20:1578802810
/home/AI/Sat, 11 Jan 2020 17:00:22 -0800 (PST)OBP.JPG:
2020/01/12 06:21:1578802878

2020/01/12 06:24:1578803050
/home/AI/Sat, 11 Jan 2020 17:00:22 -0800 (PST)OBP.JPG:
2020/01/12 06:25:1578803118

2020/01/12 06:28:1578803290
/home/AI/Sat, 11 Jan 2020 17:00:22 -0800 (PST)OBP.JPG:
2020/01/12 06:29:1578803374

2020/01/12 06:32:1578803528
/home/AI/Sat, 11 Jan 2020 17:00:22 -0800 (PST)OBP.JPG:
2020/01/12 06:33:1578803597

2020/01/12 06:36:1578803769
/home/AI/Sat, 11 Jan 2020 17:00:22 -0800 (PST)OBP.JPG:
2020/01/12 06:37:1578803837

2020/01/12 06:40:1578804010
/home/AI/Sat, 11 Jan 2020 17:00:22 -0800 (PST)OBP.JPG:
2020/01/12 06:41:1578804080

2020/01/12 06:44:1578804248
/home/AI/Sat, 11 Jan 2020 17:00:22 -0800 (PST)OBP.JPG:
2020/01/12 06:45:1578804319

2020/01/12 06:45:1578804335
/home/AI/Sat, 11 Jan 2020 17:00:22 -0800 (PST)OBP.JPG:
2020/01/12 06:46:1578804404

2020/01/12 06:48:1578804489
/home/AI/Sat, 11 Jan 2020 17:00:22 -0800 (PST)OBP.JPG:
2020/01/12 06:49:1578804555

2020/01/12 06:50:1578804659
/home/AI/Sat, 11 Jan 2020 20:50:46 -0800 (PST)bao.JPG:
  POSITIVE:
    sheep : 92.03616380691528 : [773, 519, 1108, 762]
    cow : 22.804975509643555 : [773, 519, 1101, 765]
    dog : 57.489943504333496 : [769, 522, 1106, 759]
  NEGATIVE:
    cow : 40.965524315834045 : [779, 520, 1102, 765]
    dog : 35.044485330581665 : [776, 523, 1100, 759]
/home/AI/Sat, 11 Jan 2020 17:00:22 -0800 (PST)OBP.JPG:
2020/01/12 06:52:1578804779

2020/01/12 06:53:1578804797
/home/AI/Sat, 11 Jan 2020 17:00:22 -0800 (PST)OBP.JPG:
2020/01/12 06:54:1578804865

2020/01/12 06:56:1578804971
/home/AI/Sat, 11 Jan 2020 17:00:22 -0800 (PST)OBP.JPG:
2020/01/12 06:57:1578805039

2020/01/12 07:00:1578805208
/home/AI/Sat, 11 Jan 2020 17:00:22 -0800 (PST)OBP.JPG:
2020/01/12 07:01:1578805277

2020/01/12 07:04:1578805450
/home/AI/Sat, 11 Jan 2020 17:00:22 -0800 (PST)OBP.JPG:
2020/01/12 07:05:1578805518

2020/01/12 07:08:1578805691
/home/AI/Sat, 11 Jan 2020 17:00:22 -0800 (PST)OBP.JPG:
2020/01/12 07:09:1578805759

2020/01/12 07:12:1578805930
/home/AI/Sat, 11 Jan 2020 17:00:22 -0800 (PST)OBP.JPG:
2020/01/12 07:13:1578805997

2020/01/12 07:16:1578806171
/home/AI/Sat, 11 Jan 2020 21:16:16 -0800 (PST)yNz.JPG:
  POSITIVE:
    cow : 22.188204526901245 : [109, 570, 432, 839]
    bird : 23.63089919090271 : [118, 563, 440, 865]
    sheep : 46.32463753223419 : [108, 581, 453, 852]
/home/AI/Sat, 11 Jan 2020 17:00:22 -0800 (PST)OBP.JPG:
2020/01/12 07:18:1578806291

2020/01/12 07:18:1578806310
/home/AI/Sat, 11 Jan 2020 17:00:22 -0800 (PST)OBP.JPG:
2020/01/12 07:19:1578806377

2020/01/12 07:20:1578806409
/home/AI/Sat, 11 Jan 2020 17:00:22 -0800 (PST)OBP.JPG:
2020/01/12 07:21:1578806477

2020/01/12 07:24:1578806649
/home/AI/Sat, 11 Jan 2020 17:00:22 -0800 (PST)OBP.JPG:
2020/01/12 07:25:1578806719

2020/01/12 07:28:1578806891
/home/AI/Sat, 11 Jan 2020 17:00:22 -0800 (PST)OBP.JPG:
2020/01/12 07:29:1578806961

2020/01/12 07:29:1578806977
/home/AI/Sat, 11 Jan 2020 17:00:22 -0800 (PST)OBP.JPG:
2020/01/12 07:30:1578807045

2020/01/12 07:31:1578807085
/home/AI/Sat, 11 Jan 2020 17:00:22 -0800 (PST)OBP.JPG:
2020/01/12 07:32:1578807152

2020/01/12 07:32:1578807167
2020/01/12 07:32:1578807167
/home/AI/Sat, 11 Jan 2020 21:33:08 -0800 (PST)jzg.JPG:
/home/AI/Sat, 11 Jan 2020 21:33:08 -0800 (PST)jzg.JPG:
  POSITIVE:
    dog : 66.16731286048889 : [201, 675, 696, 940]
    cat : 43.7478244304657 : [209, 675, 706, 936]
  POSITIVE:
    dog : 66.16731286048889 : [201, 675, 696, 940]
    cat : 43.7478244304657 : [209, 675, 706, 936]
  NEGATIVE:
    dog : 92.65064001083374 : [209, 682, 684, 941]
    cat : 31.046131253242493 : [209, 678, 684, 940]
2020/01/12 07:35:1578807314
/home/AI/Sat, 11 Jan 2020 17:00:22 -0800 (PST)OBP.JPG:
2020/01/12 07:36:1578807383

2020/01/12 07:36:1578807398
/home/AI/Sat, 11 Jan 2020 17:00:22 -0800 (PST)OBP.JPG:
2020/01/12 07:37:1578807467

2020/01/12 07:40:1578807611
/home/AI/Sat, 11 Jan 2020 17:00:22 -0800 (PST)OBP.JPG:
2020/01/12 07:41:1578807679

2020/01/12 07:42:1578807723
/home/AI/Sat, 11 Jan 2020 17:00:22 -0800 (PST)OBP.JPG:
2020/01/12 07:43:1578807791

2020/01/12 07:43:1578807805
/home/AI/Sat, 11 Jan 2020 17:00:22 -0800 (PST)OBP.JPG:
2020/01/12 07:44:1578807873

2020/01/12 07:44:1578807888
/home/AI/Sat, 11 Jan 2020 21:44:40 -0800 (PST)jwp.JPG:
  POSITIVE:
    person : 67.25232601165771 : [105, 733, 593, 929]
    dog : 46.39286398887634 : [90, 746, 574, 937]
  NEGATIVE:
    person : 49.13819134235382 : [117, 742, 583, 929]
/home/AI/Sat, 11 Jan 2020 17:00:22 -0800 (PST)OBP.JPG:
2020/01/12 07:46:1578808009

2020/01/12 07:47:1578808024
/home/AI/Sat, 11 Jan 2020 17:00:22 -0800 (PST)OBP.JPG:
2020/01/12 07:48:1578808092

2020/01/12 07:48:1578808108
/home/AI/Sat, 11 Jan 2020 17:00:22 -0800 (PST)OBP.JPG:
2020/01/12 07:49:1578808177

2020/01/12 07:50:1578808236
/home/AI/Sat, 11 Jan 2020 17:00:22 -0800 (PST)OBP.JPG:
2020/01/12 07:51:1578808305

2020/01/12 07:52:1578808321
/home/AI/Sat, 11 Jan 2020 17:00:22 -0800 (PST)OBP.JPG:
2020/01/12 07:53:1578808392

2020/01/12 07:53:1578808408
/home/AI/Sat, 11 Jan 2020 17:00:22 -0800 (PST)OBP.JPG:
2020/01/12 07:54:1578808478

2020/01/12 07:56:1578808571
/home/AI/Sat, 11 Jan 2020 17:00:22 -0800 (PST)OBP.JPG:
2020/01/12 07:57:1578808637

2020/01/12 08:00:1578808807
/home/AI/Sat, 11 Jan 2020 17:00:22 -0800 (PST)OBP.JPG:
2020/01/12 08:01:1578808874

2020/01/12 08:02:1578808923
/home/AI/Sat, 11 Jan 2020 17:00:22 -0800 (PST)OBP.JPG:
2020/01/12 08:03:1578808991

2020/01/12 08:04:1578809050
/home/AI/Sat, 11 Jan 2020 17:00:22 -0800 (PST)OBP.JPG:
2020/01/12 08:05:1578809117

2020/01/12 08:08:1578809290
/home/AI/Sat, 11 Jan 2020 17:00:22 -0800 (PST)OBP.JPG:
2020/01/12 08:09:1578809357

2020/01/12 08:11:1578809463
/home/AI/Sat, 11 Jan 2020 17:00:22 -0800 (PST)OBP.JPG:
2020/01/12 08:12:1578809534

2020/01/12 08:12:1578809551
2020/01/12 08:12:1578809551
/home/AI/Sat, 11 Jan 2020 17:00:22 -0800 (PST)OBP.JPG:
/home/AI/Sat, 11 Jan 2020 17:00:22 -0800 (PST)OBP.JPG:
2020/01/12 08:14:1578809681

2020/01/12 08:16:1578809770
/home/AI/Sat, 11 Jan 2020 17:00:22 -0800 (PST)OBP.JPG:
2020/01/12 08:17:1578809839

2020/01/12 08:19:1578809981
/home/AI/Sat, 11 Jan 2020 17:00:22 -0800 (PST)OBP.JPG:
2020/01/12 08:20:1578810055

2020/01/12 08:21:1578810072
2020/01/12 08:21:1578810072
/home/AI/Sat, 11 Jan 2020 17:00:22 -0800 (PST)OBP.JPG:
/home/AI/Sat, 11 Jan 2020 17:00:22 -0800 (PST)OBP.JPG:
2020/01/12 08:23:1578810236

2020/01/12 08:24:1578810256
/home/AI/Sat, 11 Jan 2020 22:24:11 -0800 (PST)bZC.JPG:
  POSITIVE:
    bird : 62.78038024902344 : [998, 523, 1274, 749]
    sheep : 30.504435300827026 : [998, 526, 1282, 750]
  NEGATIVE:
    cow : 55.520254373550415 : [1004, 521, 1273, 740]
/home/AI/Sat, 11 Jan 2020 17:00:22 -0800 (PST)OBP.JPG:
2020/01/12 08:26:1578810381

2020/01/12 08:26:1578810397
/home/AI/Sat, 11 Jan 2020 17:00:22 -0800 (PST)OBP.JPG:
2020/01/12 08:27:1578810463

2020/01/12 08:28:1578810490
/home/AI/Sat, 11 Jan 2020 17:00:22 -0800 (PST)OBP.JPG:
2020/01/12 08:29:1578810557

2020/01/12 08:32:1578810729
/home/AI/Sat, 11 Jan 2020 17:00:22 -0800 (PST)OBP.JPG:
2020/01/12 08:33:1578810797

2020/01/12 08:33:1578810810
/home/AI/Sat, 11 Jan 2020 17:00:22 -0800 (PST)OBP.JPG:
2020/01/12 08:34:1578810879

2020/01/12 08:34:1578810894
/home/AI/Sat, 11 Jan 2020 22:33:16 -0800 (PST)aBt.JPG:
/home/AI/Sat, 11 Jan 2020 17:00:22 -0800 (PST)OBP.JPG:
2020/01/12 08:36:1578811013

2020/01/12 08:37:1578811027
/home/AI/Sat, 11 Jan 2020 17:00:22 -0800 (PST)OBP.JPG:
2020/01/12 08:38:1578811097

2020/01/12 08:40:1578811210
/home/AI/Sat, 11 Jan 2020 17:00:22 -0800 (PST)OBP.JPG:
2020/01/12 08:41:1578811280

2020/01/12 08:43:1578811414
/home/AI/Sat, 11 Jan 2020 17:00:22 -0800 (PST)OBP.JPG:
2020/01/12 08:44:1578811485

2020/01/12 08:45:1578811502
2020/01/12 08:45:1578811502
/home/AI/Sat, 11 Jan 2020 17:00:22 -0800 (PST)OBP.JPG:
/home/AI/Sat, 11 Jan 2020 17:00:22 -0800 (PST)OBP.JPG:
2020/01/12 08:47:1578811628

2020/01/12 08:48:1578811688
/home/AI/Sat, 11 Jan 2020 17:00:22 -0800 (PST)OBP.JPG:
2020/01/12 08:49:1578811756

2020/01/12 08:52:1578811928
/home/AI/Sat, 11 Jan 2020 17:00:22 -0800 (PST)OBP.JPG:
2020/01/12 08:53:1578811997

2020/01/12 08:53:1578812014
2020/01/12 08:53:1578812014
/home/AI/Sat, 11 Jan 2020 17:00:22 -0800 (PST)OBP.JPG:
/home/AI/Sat, 11 Jan 2020 17:00:22 -0800 (PST)OBP.JPG:
2020/01/12 08:56:1578812163

2020/01/12 08:56:1578812164

2020/01/12 08:56:1578812183
/home/AI/Sun, 12 Jan 2020 08:56:20 +0200zIC.JPG:
  POSITIVE:
    person : 63.145339488983154 : [1143, 296, 1171, 361]
/home/AI/Sat, 11 Jan 2020 17:00:22 -0800 (PST)OBP.JPG:
2020/01/12 08:58:1578812317

2020/01/12 08:58:1578812333
/home/AI/Sat, 11 Jan 2020 17:00:22 -0800 (PST)OBP.JPG:
2020/01/12 09:00:1578812406

2020/01/12 09:00:1578812422
2020/01/12 09:00:1578812422
/home/AI/Sun, 12 Jan 2020 08:59:07 +0200Emg.JPG:
/home/AI/Sun, 12 Jan 2020 08:59:07 +0200Emg.JPG:
  POSITIVE:
    sheep : 75.90097188949585 : [868, 532, 1128, 747]
    dog : 22.510355710983276 : [868, 536, 1134, 743]
  POSITIVE:
    sheep : 75.90097188949585 : [868, 532, 1128, 747]
    dog : 22.510355710983276 : [868, 536, 1134, 743]
  NEGATIVE:
    horse : 80.21140098571777 : [868, 536, 1127, 731]
2020/01/12 09:02:1578812569
/home/AI/Sat, 11 Jan 2020 17:00:22 -0800 (PST)OBP.JPG:
2020/01/12 09:04:1578812641

2020/01/12 09:04:1578812656
/home/AI/Sat, 11 Jan 2020 23:01:47 -0800 (PST)Iil.JPG:
/home/AI/Sat, 11 Jan 2020 17:00:22 -0800 (PST)OBP.JPG:
2020/01/12 09:06:1578812780

2020/01/12 09:06:1578812797
/home/AI/Sat, 11 Jan 2020 17:00:22 -0800 (PST)OBP.JPG:
2020/01/12 09:07:1578812869

2020/01/12 09:28:1578814086
/home/AI/Sun, 12 Jan 2020 09:22:35 +0200onF.JPG:
  POSITIVE:
    sheep : 75.90097188949585 : [868, 532, 1128, 747]
    dog : 22.510355710983276 : [868, 536, 1134, 743]
  NEGATIVE:
    horse : 80.21140098571777 : [868, 536, 1127, 731]
/home/AI/Sun, 12 Jan 2020 09:24:31 +0200EVF.JPG:
  POSITIVE:
    sheep : 46.28511071205139 : [816, 469, 1063, 723]
    bear : 20.620882511138916 : [814, 467, 1061, 721]
    dog : 46.23190760612488 : [2, 546, 278, 885]
    dog : 34.38926041126251 : [818, 472, 1061, 719]
    elephant : 22.360759973526 : [1, 544, 276, 886]
    elephant : 24.062001705169678 : [1076, 620, 1277, 925]
    person : 23.611053824424744 : [628, 651, 928, 924]
    horse : 24.3971586227417 : [1074, 618, 1275, 923]
    sheep : 61.60029172897339 : [274, 522, 912, 915]
    bear : 41.35223627090454 : [6, 547, 278, 886]
    bear : 20.547839999198914 : [250, 527, 752, 906]
    cow : 28.062987327575684 : [269, 516, 901, 920]
    dog : 33.65712761878967 : [261, 517, 867, 915]
    person : 21.209073066711426 : [362, 533, 908, 917]
    cow : 30.028820037841797 : [1065, 625, 1276, 922]
  NEGATIVE:
    elephant : 21.28255069255829 : [262, 531, 932, 916]
2020/01/12 09:30:1578814212

2020/01/12 09:42:1578814972
/home/AI/Sun, 12 Jan 2020 09:31:38 +0200YnU.JPG:
  POSITIVE:
    person : 22.742047905921936 : [235, 553, 417, 651]
    cow : 20.038387179374695 : [-2, 583, 230, 861]
    person : 33.67338180541992 : [166, 605, 372, 918]
    sheep : 36.17340326309204 : [0, 578, 231, 877]
    dog : 23.06985855102539 : [0, 578, 232, 901]
    dog : 25.565099716186523 : [165, 615, 374, 926]
    dog : 24.873942136764526 : [574, 505, 910, 817]
    sheep : 31.19717240333557 : [357, 515, 854, 872]
    sheep : 42.22673177719116 : [585, 523, 978, 872]
    dog : 21.592232584953308 : [74, 591, 324, 914]
    dog : 23.16330075263977 : [210, 565, 650, 916]
    sheep : 92.47560501098633 : [712, 577, 1112, 904]
    sheep : 36.998605728149414 : [154, 608, 364, 925]
    sheep : 67.26007461547852 : [214, 569, 652, 921]
  NEGATIVE:
    elephant : 21.322044730186462 : [146, 532, 1134, 907]
/home/AI/Sun, 12 Jan 2020 09:42:31 +0200LGB.JPG:
  POSITIVE:
    giraffe : 26.95891261100769 : [1015, 491, 1274, 829]
    bird : 86.14431023597717 : [1013, 490, 1283, 828]
  NEGATIVE:
    bird : 92.48636364936829 : [1024, 503, 1278, 820]
    giraffe : 20.59701979160309 : [1024, 502, 1277, 823]
/home/AI/Sun, 12 Jan 2020 09:34:50 +0200EUl.JPG:
  POSITIVE:
    dog : 66.16731286048889 : [201, 675, 696, 940]
    cat : 43.7478244304657 : [209, 675, 706, 936]
  NEGATIVE:
    dog : 92.65064001083374 : [209, 682, 684, 941]
    cat : 31.046131253242493 : [209, 678, 684, 940]
2020/01/12 09:45:1578815146

2020/01/12 10:20:1578817212
/home/AI/Sun, 12 Jan 2020 00:20:00 -0800 (PST)Yvw.JPG:
2020/01/12 10:21:1578817284

2020/01/12 11:05:1578819951
/home/AI/Sun, 12 Jan 2020 01:05:40 -0800 (PST)Joq.JPG:
2020/01/12 11:07:1578820025

2020/01/12 11:39:1578821941
/home/AI/Sun, 12 Jan 2020 01:38:52 -0800 (PST)ssk.JPG:
2020/01/12 11:40:1578822016

2020/01/12 15:28:1578835686
2020/01/12 15:28:1578835700

2020/01/12 15:28:1578835738
/home/AI/Sun, 12 Jan 2020 15:28:36 +0200gLx.JPG:
  POSITIVE:
    cow : 81.8711519241333 : [76, 393, 217, 659]
    horse : 41.366010904312134 : [76, 392, 218, 659]
  NEGATIVE:
    sheep : 54.825711250305176 : [82, 391, 219, 665]
    cow : 33.286041021347046 : [82, 390, 219, 665]
    horse : 33.824604749679565 : [83, 392, 219, 667]
    dog : 26.360613107681274 : [82, 392, 219, 668]
2020/01/12 15:30:1578835809

2020/01/12 15:32:1578835961
/home/AI/Sun, 12 Jan 2020 05:32:29 -0800 (PST)Nam.JPG:
  POSITIVE:
    sheep : 31.679460406303406 : [870, 459, 1280, 770]
    bird : 22.158849239349365 : [864, 460, 1278, 773]
    dog : 54.7285795211792 : [867, 461, 1280, 772]
  NEGATIVE:
    bird : 37.57596015930176 : [874, 468, 1273, 761]
    cat : 48.366543650627136 : [879, 469, 1273, 766]
    dog : 93.43817234039307 : [868, 468, 1277, 768]
2020/01/12 15:33:1578836032

2020/01/12 15:49:1578836950
/home/AI/Sun, 12 Jan 2020 05:48:59 -0800 (PST)iHA.JPG:
  POSITIVE:
    horse : 20.9573894739151 : [787, 493, 1117, 743]
    cow : 31.86933994293213 : [785, 496, 1123, 748]
    dog : 94.69465613365173 : [787, 496, 1124, 742]
    sheep : 37.08138465881348 : [782, 498, 1125, 748]
    sheep : 90.091872215271 : [458, 572, 1007, 943]
    dog : 26.536333560943604 : [474, 583, 1023, 942]
    cow : 24.19264018535614 : [467, 568, 1022, 934]
  NEGATIVE:
    dog : 27.980870008468628 : [488, 591, 1015, 932]
    cow : 39.27099108695984 : [482, 595, 1006, 935]
2020/01/12 15:50:1578837020

2020/01/12 16:12:1578838333
/home/AI/Sun, 12 Jan 2020 06:12:04 -0800 (PST)Zhe.JPG:
  POSITIVE:
    giraffe : 21.897760033607483 : [893, 469, 1257, 769]
    bird : 42.309775948524475 : [894, 472, 1254, 770]
    sheep : 26.15489363670349 : [890, 473, 1271, 768]
2020/01/12 16:13:1578838401

2020/01/12 17:03:1578841391
/home/AI/Sun, 12 Jan 2020 07:02:58 -0800 (PST)WqR.JPG:
2020/01/12 17:04:1578841462

2020/01/12 17:13:1578841995
/home/AI/Sun, 12 Jan 2020 07:13:05 -0800 (PST)FFg.JPG:
2020/01/12 17:14:1578842064

2020/01/12 17:53:1578844425
/home/AI/Sun, 12 Jan 2020 07:53:33 -0800 (PST)bTH.JPG:
  POSITIVE:
    person : 22.575166821479797 : [668, 731, 1209, 937]
2020/01/12 17:54:1578844495

2020/01/12 18:16:1578845782
/home/AI/Sun, 12 Jan 2020 08:16:08 -0800 (PST)pjC.JPG:
  POSITIVE:
    cow : 26.921260356903076 : [454, 682, 896, 922]
    sheep : 82.25305080413818 : [445, 656, 926, 933]
  NEGATIVE:
    cow : 20.183128118515015 : [446, 695, 908, 912]
    cat : 20.9298312664032 : [446, 692, 907, 912]
2020/01/12 18:17:1578845854

2020/01/12 18:21:1578846093
/home/AI/Sun, 12 Jan 2020 08:21:22 -0800 (PST)ZOR.JPG:
2020/01/12 18:22:1578846161

2020/01/12 18:59:1578848385
/home/AI/Sun, 12 Jan 2020 08:59:32 -0800 (PST)Ioh.JPG:
  POSITIVE:
    cat : 79.58306074142456 : [778, 669, 952, 910]
    dog : 85.05969643592834 : [779, 671, 952, 916]
    sheep : 36.29496991634369 : [778, 672, 949, 917]
  NEGATIVE:
    bird : 31.79917335510254 : [775, 672, 943, 917]
    cat : 43.45531463623047 : [775, 670, 939, 915]
    dog : 71.77570462226868 : [775, 670, 942, 913]
2020/01/12 19:00:1578848456

2020/01/12 19:08:1578848910
/home/AI/Sun, 12 Jan 2020 09:08:19 -0800 (PST)yPS.JPG:
2020/01/12 19:09:1578848980

2020/01/12 19:11:1578849072
/home/AI/Sun, 12 Jan 2020 09:11:00 -0800 (PST)GcE.JPG:
  POSITIVE:
    sheep : 54.003697633743286 : [889, 718, 1112, 929]
    bird : 28.579097986221313 : [855, 716, 1098, 944]
  NEGATIVE:
    bird : 20.421478152275085 : [881, 713, 1093, 929]
    sheep : 86.80379390716553 : [882, 719, 1096, 928]
2020/01/12 19:12:1578849140

2020/01/12 19:53:1578851593
/home/AI/Sun, 12 Jan 2020 09:53:02 -0800 (PST)KHV.JPG:
2020/01/12 19:54:1578851662

2020/01/12 20:13:1578852832
/home/AI/Sun, 12 Jan 2020 10:13:40 -0800 (PST)zxm.JPG:
  POSITIVE:
    bird : 21.38315439224243 : [-2, 562, 330, 874]
    sheep : 67.77026653289795 : [3, 558, 336, 877]
    dog : 42.11869835853577 : [-2, 558, 322, 879]
  NEGATIVE:
    sheep : 34.14059281349182 : [2, 561, 312, 857]
    bird : 69.33111548423767 : [0, 558, 320, 861]
2020/01/12 20:15:1578852904

2020/01/12 20:24:1578853465
2020/01/12 20:24:1578853481

2020/01/12 20:26:1578853601
/home/AI/Sun, 12 Jan 2020 20:26:19 +0200TxK.JPG:
  POSITIVE:
    sheep : 30.77763319015503 : [127, 229, 231, 357]
2020/01/12 20:27:1578853669

2020/01/12 20:48:1578854933
/home/AI/Sun, 12 Jan 2020 10:48:41 -0800 (PST)rFK.JPG:
2020/01/12 20:50:1578855004

2020/01/12 20:50:1578855018
/home/AI/Sun, 12 Jan 2020 10:49:54 -0800 (PST)Tjb.JPG:
  POSITIVE:
    person : 21.275439858436584 : [122, 634, 453, 911]
    person : 20.062991976737976 : [24, 8, 1097, 922]
    person : 28.616437315940857 : [81, 536, 876, 919]
2020/01/12 20:51:1578855087

2020/01/12 21:00:1578855631
/home/AI/Sun, 12 Jan 2020 11:00:21 -0800 (PST)mdr.JPG:
2020/01/12 21:01:1578855705

2020/01/12 21:02:1578855722
/home/AI/Sun, 12 Jan 2020 11:01:08 -0800 (PST)AEZ.JPG:
  POSITIVE:
    dog : 23.579949140548706 : [414, 704, 698, 897]
2020/01/12 21:03:1578855796

2020/01/12 21:06:1578855963
/home/AI/Sun, 12 Jan 2020 11:05:52 -0800 (PST)rBn.JPG:
  POSITIVE:
    dog : 37.92617619037628 : [742, 399, 1277, 934]
    cow : 91.49852991104126 : [754, 397, 1283, 937]
  NEGATIVE:
    sheep : 28.90489399433136 : [768, 407, 1278, 930]
    dog : 28.337568044662476 : [762, 413, 1285, 939]
    cow : 83.8923692703247 : [759, 413, 1283, 938]
2020/01/12 21:07:1578856033

2020/01/12 21:14:1578856445
2020/01/12 21:14:1578856459

2020/01/12 21:27:1578857258
2020/01/12 21:27:1578857272

2020/01/12 21:32:1578857532
/home/AI/Sun, 12 Jan 2020 11:32:03 -0800 (PST)Edg.JPG:
  POSITIVE:
    cow : 46.07694149017334 : [952, 311, 1281, 715]
    horse : 68.20459365844727 : [951, 311, 1281, 716]
    cow : 94.37135457992554 : [591, 397, 972, 803]
    cow : 44.51141059398651 : [752, 361, 1120, 765]
  NEGATIVE:
    sheep : 32.573169469833374 : [597, 397, 957, 786]
    horse : 38.88319730758667 : [599, 394, 961, 792]
    cow : 59.428054094314575 : [596, 394, 961, 793]
2020/01/12 21:33:1578857600

2020/01/12 21:41:1578858085
2020/01/12 21:41:1578858098

2020/01/12 21:44:1578858258
/home/AI/Sun, 12 Jan 2020 11:44:06 -0800 (PST)kQX.JPG:
  POSITIVE:
    cow : 58.99046063423157 : [693, 356, 1041, 827]
    horse : 66.60613417625427 : [742, 349, 1097, 841]
    horse : 63.744038343429565 : [922, 350, 1273, 813]
    horse : 53.78723740577698 : [1053, 377, 1273, 732]
    cow : 30.83491325378418 : [824, 348, 1111, 879]
  NEGATIVE:
    person : 29.025274515151978 : [690, 436, 822, 824]
    person : 20.563137531280518 : [877, 363, 1073, 820]
    horse : 33.034175634384155 : [723, 377, 1019, 817]
    elephant : 32.02158212661743 : [878, 354, 1078, 812]
    elephant : 42.18205511569977 : [908, 355, 1237, 803]
    horse : 29.091113805770874 : [907, 352, 1211, 807]
    horse : 30.325865745544434 : [692, 413, 891, 819]
    horse : 23.146948218345642 : [873, 350, 1074, 811]
2020/01/12 21:45:1578858327

2020/01/12 21:51:1578858675
/home/AI/Sun, 12 Jan 2020 11:51:05 -0800 (PST)OLx.JPG:
2020/01/12 21:52:1578858745

2020/01/12 21:58:1578859138
/home/AI/Sun, 12 Jan 2020 11:58:48 -0800 (PST)oyl.JPG:
  POSITIVE:
    cow : 27.164149284362793 : [936, 381, 1282, 724]
    horse : 29.322010278701782 : [955, 384, 1279, 726]
    cow : 35.829538106918335 : [792, 397, 1225, 781]
    sheep : 52.98492908477783 : [945, 384, 1278, 736]
    cow : 88.1860613822937 : [629, 447, 959, 819]
  NEGATIVE:
    horse : 85.11322736740112 : [638, 414, 1173, 808]
    cow : 26.7811119556427 : [639, 430, 1155, 815]
2020/01/12 22:00:1578859207

2020/01/12 22:02:1578859352
/home/AI/Sun, 12 Jan 2020 12:02:19 -0800 (PST)kLd.JPG:
  POSITIVE:
    bird : 20.23981809616089 : [1057, 391, 1137, 491]
    dog : 89.53602910041809 : [765, 551, 1154, 941]
  NEGATIVE:
    sheep : 93.82345080375671 : [774, 571, 1158, 934]
    bird : 25.26816725730896 : [774, 570, 1151, 962]
2020/01/12 22:03:1578859425

2020/01/12 22:17:1578860274
/home/AI/Sun, 12 Jan 2020 12:17:45 -0800 (PST)qyG.JPG:
  POSITIVE:
    dog : 26.67021155357361 : [774, 500, 931, 707]
    cow : 20.84355652332306 : [773, 500, 930, 706]
  NEGATIVE:
    bear : 33.46943557262421 : [780, 503, 928, 683]
    dog : 59.13881063461304 : [777, 504, 925, 707]
2020/01/12 22:19:1578860346

2020/01/12 22:26:1578860781
/home/AI/Sun, 12 Jan 2020 12:26:11 -0800 (PST)cjO.JPG:
  POSITIVE:
    cow : 63.1213903427124 : [901, 403, 1277, 792]
2020/01/12 22:27:1578860853

2020/01/12 22:32:1578861131
/home/AI/Sun, 12 Jan 2020 22:31:48 +0200nbz.JPG:
  POSITIVE:
    sheep : 22.06864356994629 : [456, 318, 616, 464]
    sheep : 63.59745264053345 : [211, 358, 415, 533]
    bird : 24.286752939224243 : [451, 319, 626, 472]
    cat : 63.80476951599121 : [456, 317, 626, 469]
    dog : 62.194520235061646 : [211, 363, 417, 534]
  NEGATIVE:
    dog : 65.69010019302368 : [215, 365, 413, 526]
2020/01/12 22:33:1578861204

2020/01/12 22:38:1578861523
/home/AI/Sun, 12 Jan 2020 12:38:31 -0800 (PST)DNj.JPG:
2020/01/12 22:39:1578861594

2020/01/12 22:43:1578861833
/home/AI/Sun, 12 Jan 2020 12:43:43 -0800 (PST)utE.JPG:
2020/01/12 22:45:1578861907

2020/01/12 22:48:1578862132
/home/AI/Sun, 12 Jan 2020 12:48:41 -0800 (PST)beP.JPG:
2020/01/12 22:50:1578862207

2020/01/12 22:58:1578862706
/home/AI/Sun, 12 Jan 2020 12:58:14 -0800 (PST)dDA.JPG:
2020/01/12 22:59:1578862775

2020/01/12 23:22:1578864140
/home/AI/Sun, 12 Jan 2020 13:22:09 -0800 (PST)ckW.JPG:
2020/01/12 23:23:1578864209

2020/01/12 23:25:1578864335
2020/01/12 23:25:1578864348

2020/01/12 23:48:1578865731
2020/01/12 23:49:1578865747

2020/01/13 00:02:1578866541
/home/AI/Sun, 12 Jan 2020 14:02:09 -0800 (PST)CxB.JPG:
  POSITIVE:
    bird : 50.531381368637085 : [474, 433, 599, 583]
    sheep : 24.260753393173218 : [474, 433, 599, 582]
2020/01/13 00:03:1578866614

2020/01/13 00:04:1578866649
2020/01/13 00:04:1578866663

2020/01/13 00:07:1578866862
2020/01/13 00:07:1578866876

2020/01/13 00:14:1578867252
/home/AI/Sun, 12 Jan 2020 14:13:59 -0800 (PST)yCR.JPG:
  POSITIVE:
    sheep : 79.52827215194702 : [919, 471, 1135, 631]
  NEGATIVE:
    cow : 25.261205434799194 : [920, 473, 1136, 633]
2020/01/13 00:15:1578867324

2020/01/13 00:17:1578867446
2020/01/13 00:17:1578867460

2020/01/13 00:36:1578868614
/home/AI/Sun, 12 Jan 2020 14:36:43 -0800 (PST)jic.JPG:
  POSITIVE:
    sheep : 31.9825679063797 : [602, 455, 798, 596]
    bird : 43.72122287750244 : [593, 454, 798, 598]
2020/01/13 00:38:1578868687

2020/01/13 00:54:1578869669
/home/AI/Sun, 12 Jan 2020 14:54:18 -0800 (PST)sMx.JPG:
  POSITIVE:
    dog : 44.419628381729126 : [961, 616, 1278, 935]
    sheep : 48.28398823738098 : [952, 620, 1266, 954]
  NEGATIVE:
    horse : 24.302837252616882 : [962, 621, 1275, 940]
    dog : 78.88706922531128 : [963, 624, 1276, 940]
2020/01/13 00:55:1578869739

2020/01/13 01:04:1578870257
/home/AI/Sun, 12 Jan 2020 15:04:06 -0800 (PST)Awh.JPG:
2020/01/13 01:05:1578870325

2020/01/13 01:14:1578870883
/home/AI/Sun, 12 Jan 2020 15:14:31 -0800 (PST)jKi.JPG:
2020/01/13 01:15:1578870954

2020/01/13 01:18:1578871105
2020/01/13 01:18:1578871119

2020/01/13 02:22:1578874963
/home/AI/Sun, 12 Jan 2020 16:22:32 -0800 (PST)BQw.JPG:
2020/01/13 02:23:1578875033

2020/01/13 02:33:1578875580
/home/AI/Sun, 12 Jan 2020 16:32:50 -0800 (PST)FFW.JPG:
  POSITIVE:
    cow : 36.02060377597809 : [430, 355, 568, 612]
    horse : 43.10802221298218 : [430, 358, 569, 620]
2020/01/13 02:34:1578875651

2020/01/13 02:45:1578876317
/home/AI/Sun, 12 Jan 2020 16:45:07 -0800 (PST)BnQ.JPG:
  POSITIVE:
    cow : 83.51048827171326 : [684, 394, 1069, 820]
  NEGATIVE:
    cow : 26.387348771095276 : [695, 400, 1069, 811]
2020/01/13 02:46:1578876388

2020/01/13 02:55:1578876938
2020/01/13 02:55:1578876952

2020/01/13 02:57:1578877078
/home/AI/Sun, 12 Jan 2020 16:57:48 -0800 (PST)Sxy.JPG:
  POSITIVE:
    cow : 88.65328431129456 : [680, 387, 1100, 828]
  NEGATIVE:
    cow : 89.03087377548218 : [691, 395, 1078, 822]
2020/01/13 02:59:1578877149

2020/01/13 03:10:1578877800
/home/AI/Sun, 12 Jan 2020 17:09:47 -0800 (PST)TXX.JPG:
2020/01/13 03:11:1578877871

2020/01/13 03:11:1578877886
/home/AI/Sun, 12 Jan 2020 17:10:34 -0800 (PST)UhC.JPG:
  POSITIVE:
    horse : 24.16788935661316 : [684, 395, 1050, 825]
    cow : 89.73157405853271 : [687, 395, 1053, 825]
  NEGATIVE:
    cow : 98.02730083465576 : [708, 398, 1042, 820]
2020/01/13 03:12:1578877957

2020/01/13 03:13:1578878028
/home/AI/Sun, 12 Jan 2020 17:13:37 -0800 (PST)sDM.JPG:
  POSITIVE:
    cow : 23.48681092262268 : [1186, 412, 1248, 548]
    sheep : 31.860730051994324 : [1186, 413, 1248, 547]
    dog : 21.184682846069336 : [1186, 415, 1249, 549]
    sheep : 44.24328804016113 : [861, 569, 1273, 929]
    dog : 94.6887731552124 : [855, 570, 1270, 934]
  NEGATIVE:
    dog : 95.11518478393555 : [870, 580, 1268, 923]
2020/01/13 03:14:1578878097

2020/01/13 03:26:1578878776
/home/AI/Sun, 12 Jan 2020 17:26:05 -0800 (PST)Hwc.JPG:
  POSITIVE:
    cow : 45.2841579914093 : [688, 378, 970, 827]
  NEGATIVE:
    horse : 45.20460665225983 : [690, 387, 964, 835]
2020/01/13 03:27:1578878847

2020/01/13 03:39:1578879568
/home/AI/Sun, 12 Jan 2020 17:39:18 -0800 (PST)JWW.JPG:
  POSITIVE:
    cow : 96.56898975372314 : [697, 412, 1068, 833]
  NEGATIVE:
    cow : 95.28995752334595 : [702, 412, 986, 833]
2020/01/13 03:40:1578879637

2020/01/13 03:41:1578879708
/home/AI/Sun, 12 Jan 2020 17:41:37 -0800 (PST)Mni.JPG:
  POSITIVE:
    horse : 24.172985553741455 : [781, 414, 973, 529]
    cow : 28.637555241584778 : [775, 412, 979, 529]
2020/01/13 03:42:1578879775

2020/01/13 03:53:1578880397
/home/AI/Sun, 12 Jan 2020 17:53:09 -0800 (PST)xXx.JPG:
2020/01/13 03:54:1578880466

2020/01/13 03:54:1578880480
/home/AI/Sun, 12 Jan 2020 17:54:06 -0800 (PST)gsn.JPG:
2020/01/13 03:55:1578880548

2020/01/13 03:56:1578880604
/home/AI/Sun, 12 Jan 2020 17:56:33 -0800 (PST)qpQ.JPG:
  POSITIVE:
    sheep : 39.28477168083191 : [177, 601, 364, 806]
    sheep : 23.02820384502411 : [250, 623, 532, 798]
2020/01/13 03:57:1578880672

2020/01/13 04:21:1578882100
2020/01/13 04:21:1578882113

2020/01/13 04:25:1578882349
2020/01/13 04:26:1578882361

2020/01/13 05:25:1578885905
2020/01/13 05:25:1578885919

2020/01/13 05:27:1578886070
2020/01/13 05:28:1578886084

2020/01/13 06:29:1578889791
2020/01/13 06:30:1578889806

2020/01/13 06:38:1578890314
/home/AI/Sun, 12 Jan 2020 20:38:23 -0800 (PST)vFI.JPG:
2020/01/13 06:39:1578890383

2020/01/13 06:46:1578890816
2020/01/13 06:47:1578890830

2020/01/13 06:50:1578891031
/home/AI/Sun, 12 Jan 2020 20:50:21 -0800 (PST)hFP.JPG:
  POSITIVE:
    horse : 97.63290882110596 : [946, 395, 1274, 748]
  NEGATIVE:
    horse : 60.04394888877869 : [947, 407, 1286, 723]
    dog : 44.960856437683105 : [953, 405, 1286, 720]
2020/01/13 06:51:1578891102

2020/01/13 06:52:1578891177
/home/AI/Sun, 12 Jan 2020 20:52:45 -0800 (PST)Wkr.JPG:
  POSITIVE:
    horse : 92.39165186882019 : [943, 394, 1274, 784]
  NEGATIVE:
    horse : 78.16399931907654 : [965, 407, 1287, 715]
2020/01/13 06:54:1578891247

2020/01/13 06:58:1578891529
2020/01/13 06:59:1578891544

2020/01/13 07:08:1578892080
/home/AI/Sun, 12 Jan 2020 21:07:51 -0800 (PST)jVv.JPG:
  POSITIVE:
    dog : 66.84892773628235 : [928, 382, 1268, 752]
  NEGATIVE:
    dog : 89.68528509140015 : [909, 379, 1273, 720]
2020/01/13 07:09:1578892152

2020/01/13 07:14:1578892458
2020/01/13 07:14:1578892471

2020/01/13 07:22:1578892923
/home/AI/Sun, 12 Jan 2020 21:21:52 -0800 (PST)tjh.JPG:
  POSITIVE:
    cow : 84.22387838363647 : [1007, 451, 1273, 737]
  NEGATIVE:
    cow : 95.91312408447266 : [1008, 452, 1270, 728]
2020/01/13 07:23:1578892994

2020/01/13 07:26:1578893187
2020/01/13 07:26:1578893201

2020/01/13 07:45:1578894357
/home/AI/Sun, 12 Jan 2020 21:45:46 -0800 (PST)tvh.JPG:
2020/01/13 07:47:1578894427

2020/01/13 07:54:1578894848
2020/01/13 07:54:1578894861

2020/01/13 08:07:1578895635
2020/01/13 08:07:1578895650

2020/01/13 08:07:1578895664
2020/01/13 08:07:1578895664
/home/AI/Sun, 12 Jan 2020 22:07:21 -0800 (PST)aQV.JPG:
/home/AI/Sun, 12 Jan 2020 22:07:21 -0800 (PST)aQV.JPG:
/home/AI/Sun, 12 Jan 2020 22:07:16 -0800 (PST)Xrw.JPG:
  POSITIVE:
    cow : 33.81706476211548 : [2, 693, 211, 927]
    sheep : 67.66473054885864 : [1, 689, 210, 925]
  NEGATIVE:
    cow : 39.399248361587524 : [3, 698, 206, 923]
2020/01/13 08:21:1578896492
2020/01/13 08:21:1578896506

2020/01/13 08:24:1578896645
2020/01/13 08:24:1578896658

2020/01/13 08:33:1578897194
/home/AI/Sun, 12 Jan 2020 22:33:01 -0800 (PST)jCT.JPG:
  POSITIVE:
    bird : 24.322539567947388 : [3, 460, 194, 846]
    sheep : 89.83573317527771 : [0, 449, 194, 841]
  NEGATIVE:
    bird : 25.342649221420288 : [4, 449, 200, 823]
    horse : 31.610944867134094 : [3, 439, 195, 813]
    cat : 28.42077612876892 : [4, 462, 194, 822]
    cow : 26.960131525993347 : [3, 467, 189, 823]
    dog : 82.26069211959839 : [4, 461, 192, 823]
2020/01/13 08:34:1578897265

2020/01/13 08:46:1578897975
2020/01/13 08:46:1578897988

2020/01/13 08:58:1578898702
2020/01/13 08:58:1578898716

2020/01/13 09:03:1578899000
/home/AI/Sun, 12 Jan 2020 23:03:09 -0800 (PST)yVM.JPG:
  POSITIVE:
    dog : 45.57131826877594 : [95, 592, 396, 821]
    horse : 54.87505793571472 : [97, 593, 396, 820]
    cow : 34.95071232318878 : [96, 596, 401, 820]
2020/01/13 09:04:1578899069

2020/01/13 09:06:1578899161
/home/AI/Sun, 12 Jan 2020 23:05:50 -0800 (PST)VcF.JPG:
2020/01/13 09:07:1578899232

2020/01/13 09:10:1578899439
2020/01/13 09:10:1578899453

2020/01/13 09:16:1578899796
/home/AI/Sun, 12 Jan 2020 23:16:25 -0800 (PST)EFW.JPG:
2020/01/13 09:17:1578899867

2020/01/13 09:20:1578900002
2020/01/13 09:20:1578900016

2020/01/13 09:21:1578900084
2020/01/13 09:21:1578900098

2020/01/13 09:25:1578900323
/home/AI/Sun, 12 Jan 2020 23:25:11 -0800 (PST)xbH.JPG:
  POSITIVE:
    cow : 28.582385182380676 : [257, 636, 606, 821]
    dog : 53.860265016555786 : [225, 648, 538, 926]
    cow : 26.40213966369629 : [225, 656, 543, 927]
    bird : 27.18462347984314 : [224, 656, 507, 939]
    sheep : 38.59143555164337 : [219, 658, 505, 935]
2020/01/13 09:26:1578900394

2020/01/13 09:27:1578900436
2020/01/13 09:27:1578900449

2020/01/13 09:41:1578901281
2020/01/13 09:41:1578901295

2020/01/13 09:54:1578902069
2020/01/13 09:54:1578902085

2020/01/13 10:23:1578903784
2020/01/13 10:23:1578903799

2020/01/13 10:24:1578903865
/home/AI/Mon, 13 Jan 2020 00:24:15 -0800 (PST)Bmj.JPG:
2020/01/13 10:25:1578903933

2020/01/13 10:33:1578904399
2020/01/13 10:33:1578904414

2020/01/13 10:38:1578904690
/home/AI/Mon, 13 Jan 2020 00:37:57 -0800 (PST)UtK.JPG:
  POSITIVE:
    person : 97.43897914886475 : [260, 134, 376, 437]
  NEGATIVE:
    person : 25.103992223739624 : [259, 141, 371, 438]
2020/01/13 10:39:1578904758

2020/01/13 10:47:1578905260
/home/AI/Mon, 13 Jan 2020 00:47:28 -0800 (PST)ipm.JPG:
  POSITIVE:
    person : 99.55275058746338 : [71, 315, 260, 796]
  NEGATIVE:
    person : 34.28739309310913 : [72, 330, 223, 789]
2020/01/13 10:48:1578905331

2020/01/13 10:55:1578905729
2020/01/13 10:55:1578905742

2020/01/13 11:11:1578906710
/home/AI/Mon, 13 Jan 2020 01:11:39 -0800 (PST)WNx.JPG:
2020/01/13 11:13:1578906782

2020/01/13 11:39:1578908356
2020/01/13 11:39:1578908370

2020/01/13 11:42:1578908534
2020/01/13 11:42:1578908547

2020/01/13 11:56:1578909364
/home/AI/Mon, 13 Jan 2020 01:55:55 -0800 (PST)qsR.JPG:
2020/01/13 11:57:1578909437

2020/01/13 12:12:1578910321
/home/AI/NonedbC.JPG:
  POSITIVE:
    person : 76.85667276382446 : [673, 256, 803, 564]
  NEGATIVE:
    person : 21.95281684398651 : [671, 255, 800, 573]
2020/01/13 12:14:1578910440

2020/01/13 12:34:1578911657
/home/AI/NonedJp.JPG:
2020/01/13 12:35:1578911728

2020/01/13 14:53:1578919981
/home/AI/Mon, 13 Jan 2020 04:52:49 -0800 (PST)KHx.JPG:
2020/01/13 14:54:1578920053

2020/01/13 16:35:1578926146
/home/AI/Mon, 13 Jan 2020 06:35:35 -0800 (PST)msz.JPG:
  NEGATIVE:
    bird : 23.898214101791382 : [100, 532, 322, 708]
2020/01/13 16:36:1578926215

2020/01/13 17:07:1578928047
/home/AI/Mon, 13 Jan 2020 07:07:14 -0800 (PST)sSt.JPG:
2020/01/13 17:08:1578928118

2020/01/13 18:25:1578932740
/home/AI/Mon, 13 Jan 2020 08:25:30 -0800 (PST)rPK.JPG:
2020/01/13 18:26:1578932812

2020/01/13 18:32:1578933123
/home/AI/Mon, 13 Jan 2020 08:31:51 -0800 (PST)Zyh.JPG:
  POSITIVE:
    horse : 45.06268501281738 : [313, 404, 676, 808]
    person : 26.25979483127594 : [306, 400, 668, 812]
2020/01/13 18:33:1578933195

2020/01/13 19:13:1578935582
/home/AI/Mon, 13 Jan 2020 09:12:48 -0800 (PST)OJt.JPG:
2020/01/13 19:14:1578935656

2020/01/13 19:18:1578935904
/home/AI/Mon, 13 Jan 2020 09:18:14 -0800 (PST)upC.JPG:
  POSITIVE:
    person : 24.70623552799225 : [404, 373, 689, 747]
    horse : 26.440894603729248 : [406, 376, 684, 746]
2020/01/13 19:19:1578935975

2020/01/13 19:29:1578936590
/home/AI/Mon, 13 Jan 2020 09:29:39 -0800 (PST)tjI.JPG:
  POSITIVE:
    person : 34.04225707054138 : [491, 455, 663, 863]
    horse : 20.13295292854309 : [493, 453, 651, 857]
    cow : 20.100870728492737 : [493, 445, 648, 858]
    elephant : 23.779091238975525 : [494, 445, 669, 864]
    dog : 30.840522050857544 : [491, 439, 686, 880]
2020/01/13 19:31:1578936660

2020/01/13 19:57:1578938243
/home/AI/Mon, 13 Jan 2020 09:57:12 -0800 (PST)qEA.JPG:
2020/01/13 19:58:1578938316

2020/01/13 22:10:1578946251
/home/AI/Mon, 13 Jan 2020 12:10:39 -0800 (PST)env.JPG:
  POSITIVE:
    person : 50.112056732177734 : [46, 786, 364, 929]
  NEGATIVE:
    person : 43.60034167766571 : [45, 784, 352, 926]
2020/01/13 22:12:1578946320

2020/01/13 22:54:1578948872
/home/AI/Mon, 13 Jan 2020 12:54:23 -0800 (PST)SgP.JPG:
2020/01/13 22:55:1578948944

2020/01/13 23:41:1578951686
/home/AI/Mon, 13 Jan 2020 23:41:09 +0200gSI.JPG:
  ORIGINAL:
    sheep : 30.77763319015503 : [127, 229, 231, 357]
  SHARPENED NEGATIVE:
    bird : 21.70792520046234 : [133, 206, 215, 359]
2020/01/13 23:43:1578951810


2020/01/13 23:49:1578952168
/home/AI/Mon, 13 Jan 2020 23:49:09 +0200TaA.JPG:
2020/01/13 23:50:1578952210
  ORIGINAL:
    person : 63.145339488983154 : [1143, 296, 1171, 361]
/home/AI/Mon, 13 Jan 2020 23:49:09 +0200TaA.JPG:
